<?xml version="1.0" encoding="utf-8"?><testsuites name="pytest tests"><testsuite name="pytest" errors="0" failures="0" skipped="0" tests="14" time="2.274" timestamp="2026-05-03T06:04:38.192096+00:00" hostname="agent-env-78510fa0-1a56-4bf7-9ff1-926d92b32023"><testcase classname="backend.tests.test_networth_api" name="test_root" time="0.209" /><testcase classname="backend.tests.test_networth_api" name="test_list_assets_returns_list" time="0.054" /><testcase classname="backend.tests.test_networth_api" name="test_create_asset_persists" time="0.153" /><testcase classname="backend.tests.test_networth_api" name="test_update_asset_persists" time="0.276" /><testcase classname="backend.tests.test_networth_api" name="test_update_nonexistent_returns_404" time="0.052" /><testcase classname="backend.tests.test_networth_api" name="test_delete_asset_removes_it" time="0.159" /><testcase classname="backend.tests.test_networth_api" name="test_delete_nonexistent_returns_404" time="0.053" /><testcase classname="backend.tests.test_networth_api" name="test_get_net_worth_structure" time="0.051" /><testcase classname="backend.tests.test_networth_api" name="test_net_worth_calculation_correct" time="0.365" /><testcase classname="backend.tests.test_networth_api" name="test_save_snapshot" time="0.049" /><testcase classname="backend.tests.test_networth_api" name="test_get_history" time="0.103" /><testcase classname="backend.tests.test_networth_api" name="test_get_crypto_price_bitcoin" time="0.218" /><testcase classname="backend.tests.test_networth_api" name="test_get_crypto_price_invalid" time="0.146" /><testcase classname="backend.tests.test_networth_api" name="test_refresh_all_prices" time="0.257" /></testsuite></testsuites>